23:52:47,668 |-INFO in ch.qos.logback.classic.LoggerContext[default] - Could NOT find resource [logback-test.xml]
23:52:47,668 |-INFO in ch.qos.logback.classic.LoggerContext[default] - Could NOT find resource [logback.groovy]
23:52:47,668 |-INFO in ch.qos.logback.classic.LoggerContext[default] - Found resource [logback.xml] at [file:/Users/yuanzilvdong/Desktop/gitlab_repository/trade-order-service/trade-order-api/target/trade-order-api-package/conf/prod/logback.xml]
23:52:47,813 |-INFO in ch.qos.logback.classic.joran.action.ConfigurationAction - debug attribute not set
23:52:47,823 |-INFO in ch.qos.logback.classic.joran.action.ConfigurationAction - Will scan for changes in [file:/Users/yuanzilvdong/Desktop/gitlab_repository/trade-order-service/trade-order-api/target/trade-order-api-package/conf/prod/logback.xml] 
23:52:47,823 |-INFO in ch.qos.logback.classic.joran.action.ConfigurationAction - Setting ReconfigureOnChangeTask scanning period to 10 seconds
23:52:47,833 |-ERROR in ch.qos.logback.core.joran.spi.Interpreter@3:72 - no applicable action for [springProperty], current ElementPath  is [[configuration][springProperty]]
23:52:47,839 |-INFO in ch.qos.logback.core.joran.action.AppenderAction - About to instantiate appender of type [ch.qos.logback.core.rolling.RollingFileAppender]
23:52:47,842 |-INFO in ch.qos.logback.core.joran.action.AppenderAction - Naming appender as [appAppender]
23:52:47,941 |-INFO in c.q.l.core.rolling.TimeBasedRollingPolicy@1410986873 - Will use zip compression
23:52:47,945 |-INFO in c.q.l.core.rolling.TimeBasedRollingPolicy@1410986873 - Will use the pattern APP_HOME_IS_UNDEFINED/logs/otherlogs/info-%d{yyyyMMdd}.%i for the active file
23:52:47,949 |-INFO in ch.qos.logback.core.rolling.SizeAndTimeBasedFNATP@7dc7cbad - The date pattern is 'yyyyMMdd' from file name pattern 'APP_HOME_IS_UNDEFINED/logs/otherlogs/info-%d{yyyyMMdd}.%i.zip'.
23:52:47,949 |-INFO in ch.qos.logback.core.rolling.SizeAndTimeBasedFNATP@7dc7cbad - Roll-over at midnight.
23:52:47,953 |-INFO in ch.qos.logback.core.rolling.SizeAndTimeBasedFNATP@7dc7cbad - Setting initial period to Mon Jul 24 23:52:47 CST 2023
23:52:47,954 |-WARN in ch.qos.logback.core.rolling.SizeAndTimeBasedFNATP@7dc7cbad - SizeAndTimeBasedFNATP is deprecated. Use SizeAndTimeBasedRollingPolicy instead
23:52:47,954 |-WARN in ch.qos.logback.core.rolling.SizeAndTimeBasedFNATP@7dc7cbad - For more information see http://logback.qos.ch/manual/appenders.html#SizeAndTimeBasedRollingPolicy
23:52:47,958 |-INFO in ch.qos.logback.core.joran.action.NestedComplexPropertyIA - Assuming default type [ch.qos.logback.classic.encoder.PatternLayoutEncoder] for [encoder] property
23:52:47,981 |-INFO in ch.qos.logback.core.rolling.RollingFileAppender[appAppender] - Active log file name: APP_HOME_IS_UNDEFINED/logs/info.log
23:52:47,981 |-INFO in ch.qos.logback.core.rolling.RollingFileAppender[appAppender] - File property is set to [APP_HOME_IS_UNDEFINED/logs/info.log]
23:52:47,982 |-INFO in ch.qos.logback.core.joran.action.AppenderAction - About to instantiate appender of type [ch.qos.logback.core.rolling.RollingFileAppender]
23:52:47,982 |-INFO in ch.qos.logback.core.joran.action.AppenderAction - Naming appender as [warnAppender]
23:52:47,983 |-INFO in c.q.l.core.rolling.TimeBasedRollingPolicy@221036634 - Will use zip compression
23:52:47,983 |-INFO in c.q.l.core.rolling.TimeBasedRollingPolicy@221036634 - Will use the pattern APP_HOME_IS_UNDEFINED/logs/otherlogs/warn-%d{yyyyMMdd}.%i for the active file
23:52:47,984 |-INFO in ch.qos.logback.core.rolling.SizeAndTimeBasedFNATP@4f933fd1 - The date pattern is 'yyyyMMdd' from file name pattern 'APP_HOME_IS_UNDEFINED/logs/otherlogs/warn-%d{yyyyMMdd}.%i.zip'.
23:52:47,984 |-INFO in ch.qos.logback.core.rolling.SizeAndTimeBasedFNATP@4f933fd1 - Roll-over at midnight.
23:52:47,984 |-INFO in ch.qos.logback.core.rolling.SizeAndTimeBasedFNATP@4f933fd1 - Setting initial period to Mon Jul 24 23:52:47 CST 2023
23:52:47,984 |-WARN in ch.qos.logback.core.rolling.SizeAndTimeBasedFNATP@4f933fd1 - SizeAndTimeBasedFNATP is deprecated. Use SizeAndTimeBasedRollingPolicy instead
23:52:47,984 |-WARN in ch.qos.logback.core.rolling.SizeAndTimeBasedFNATP@4f933fd1 - For more information see http://logback.qos.ch/manual/appenders.html#SizeAndTimeBasedRollingPolicy
23:52:47,985 |-INFO in ch.qos.logback.core.joran.action.NestedComplexPropertyIA - Assuming default type [ch.qos.logback.classic.encoder.PatternLayoutEncoder] for [encoder] property
23:52:47,989 |-INFO in ch.qos.logback.core.rolling.RollingFileAppender[warnAppender] - Active log file name: APP_HOME_IS_UNDEFINED/logs/warn.log
23:52:47,989 |-INFO in ch.qos.logback.core.rolling.RollingFileAppender[warnAppender] - File property is set to [APP_HOME_IS_UNDEFINED/logs/warn.log]
23:52:47,989 |-INFO in ch.qos.logback.core.joran.action.AppenderAction - About to instantiate appender of type [ch.qos.logback.core.rolling.RollingFileAppender]
23:52:47,989 |-INFO in ch.qos.logback.core.joran.action.AppenderAction - Naming appender as [errorAppender]
23:52:47,992 |-INFO in c.q.l.core.rolling.TimeBasedRollingPolicy@1418370913 - Will use zip compression
23:52:47,994 |-INFO in c.q.l.core.rolling.TimeBasedRollingPolicy@1418370913 - Will use the pattern APP_HOME_IS_UNDEFINED/logs/otherlogs/error-%d{yyyyMMdd}.%i for the active file
23:52:47,994 |-INFO in ch.qos.logback.core.rolling.SizeAndTimeBasedFNATP@1753acfe - The date pattern is 'yyyyMMdd' from file name pattern 'APP_HOME_IS_UNDEFINED/logs/otherlogs/error-%d{yyyyMMdd}.%i.zip'.
23:52:47,994 |-INFO in ch.qos.logback.core.rolling.SizeAndTimeBasedFNATP@1753acfe - Roll-over at midnight.
23:52:47,995 |-INFO in ch.qos.logback.core.rolling.SizeAndTimeBasedFNATP@1753acfe - Setting initial period to Mon Jul 24 23:52:47 CST 2023
23:52:47,995 |-WARN in ch.qos.logback.core.rolling.SizeAndTimeBasedFNATP@1753acfe - SizeAndTimeBasedFNATP is deprecated. Use SizeAndTimeBasedRollingPolicy instead
23:52:47,995 |-WARN in ch.qos.logback.core.rolling.SizeAndTimeBasedFNATP@1753acfe - For more information see http://logback.qos.ch/manual/appenders.html#SizeAndTimeBasedRollingPolicy
23:52:47,996 |-INFO in ch.qos.logback.core.joran.action.NestedComplexPropertyIA - Assuming default type [ch.qos.logback.classic.encoder.PatternLayoutEncoder] for [encoder] property
23:52:47,998 |-INFO in ch.qos.logback.core.rolling.RollingFileAppender[errorAppender] - Active log file name: APP_HOME_IS_UNDEFINED/logs/error.log
23:52:47,998 |-INFO in ch.qos.logback.core.rolling.RollingFileAppender[errorAppender] - File property is set to [APP_HOME_IS_UNDEFINED/logs/error.log]
23:52:47,998 |-INFO in ch.qos.logback.core.joran.action.AppenderAction - About to instantiate appender of type [ch.qos.logback.core.rolling.RollingFileAppender]
23:52:47,998 |-INFO in ch.qos.logback.core.joran.action.AppenderAction - Naming appender as [daoAppender]
23:52:48,006 |-INFO in c.q.l.core.rolling.TimeBasedRollingPolicy@2081853534 - Will use zip compression
23:52:48,006 |-INFO in c.q.l.core.rolling.TimeBasedRollingPolicy@2081853534 - Will use the pattern APP_HOME_IS_UNDEFINED/logs/otherlogs/dao-%d{yyyyMMdd}.%i for the active file
23:52:48,007 |-INFO in ch.qos.logback.core.rolling.SizeAndTimeBasedFNATP@2a2d45ba - The date pattern is 'yyyyMMdd' from file name pattern 'APP_HOME_IS_UNDEFINED/logs/otherlogs/dao-%d{yyyyMMdd}.%i.zip'.
23:52:48,007 |-INFO in ch.qos.logback.core.rolling.SizeAndTimeBasedFNATP@2a2d45ba - Roll-over at midnight.
23:52:48,007 |-INFO in ch.qos.logback.core.rolling.SizeAndTimeBasedFNATP@2a2d45ba - Setting initial period to Mon Jul 24 23:52:48 CST 2023
23:52:48,007 |-WARN in ch.qos.logback.core.rolling.SizeAndTimeBasedFNATP@2a2d45ba - SizeAndTimeBasedFNATP is deprecated. Use SizeAndTimeBasedRollingPolicy instead
23:52:48,007 |-WARN in ch.qos.logback.core.rolling.SizeAndTimeBasedFNATP@2a2d45ba - For more information see http://logback.qos.ch/manual/appenders.html#SizeAndTimeBasedRollingPolicy
23:52:48,008 |-INFO in ch.qos.logback.core.joran.action.NestedComplexPropertyIA - Assuming default type [ch.qos.logback.classic.encoder.PatternLayoutEncoder] for [encoder] property
23:52:48,008 |-INFO in ch.qos.logback.core.rolling.RollingFileAppender[daoAppender] - Active log file name: APP_HOME_IS_UNDEFINED/logs/dao.log
23:52:48,008 |-INFO in ch.qos.logback.core.rolling.RollingFileAppender[daoAppender] - File property is set to [APP_HOME_IS_UNDEFINED/logs/dao.log]
23:52:48,009 |-INFO in ch.qos.logback.classic.joran.action.LoggerAction - Setting level of logger [com.ksyun.trade] to INFO
23:52:48,009 |-INFO in ch.qos.logback.classic.joran.action.RootLoggerAction - Setting level of ROOT logger to INFO
23:52:48,009 |-INFO in ch.qos.logback.core.joran.action.AppenderRefAction - Attaching appender named [appAppender] to Logger[ROOT]
23:52:48,012 |-INFO in ch.qos.logback.core.joran.action.AppenderRefAction - Attaching appender named [warnAppender] to Logger[ROOT]
23:52:48,012 |-INFO in ch.qos.logback.core.joran.action.AppenderRefAction - Attaching appender named [errorAppender] to Logger[ROOT]
23:52:48,012 |-INFO in ch.qos.logback.classic.joran.action.ConfigurationAction - End of configuration.
23:52:48,013 |-INFO in ch.qos.logback.classic.joran.JoranConfigurator@2a5ca609 - Registering current configuration as safe fallback point


  .   ____          _            __ _ _
 /\\ / ___'_ __ _ _(_)_ __  __ _ \ \ \ \
( ( )\___ | '_ | '_| | '_ \/ _` | \ \ \ \
 \\/  ___)| |_)| | | | | || (_| |  ) ) ) )
  '  |____| .__|_| |_|_| |_\__, | / / / /
 =========|_|==============|___/=/_/_/_/
 :: Spring Boot ::        (v2.1.3.RELEASE)

 _ _   |_  _ _|_. ___ _ |    _ 
| | |\/|_)(_| | |_\  |_)||_|_\ 
     /               |         
                        3.4.2 
