23:53:03,114 |-INFO in ch.qos.logback.classic.LoggerContext[default] - Could NOT find resource [logback-test.xml]
23:53:03,114 |-INFO in ch.qos.logback.classic.LoggerContext[default] - Could NOT find resource [logback.groovy]
23:53:03,114 |-INFO in ch.qos.logback.classic.LoggerContext[default] - Found resource [logback.xml] at [file:/Users/yuanzilvdong/Desktop/gitlab_repository/trade-order-service/trade-order-gateway/target/trade-order-gateway-package/conf/prod/logback.xml]
23:53:03,232 |-INFO in ch.qos.logback.classic.joran.action.ConfigurationAction - debug attribute not set
23:53:03,240 |-INFO in ch.qos.logback.classic.joran.action.ConfigurationAction - Will scan for changes in [file:/Users/yuanzilvdong/Desktop/gitlab_repository/trade-order-service/trade-order-gateway/target/trade-order-gateway-package/conf/prod/logback.xml] 
23:53:03,240 |-INFO in ch.qos.logback.classic.joran.action.ConfigurationAction - Setting ReconfigureOnChangeTask scanning period to 10 seconds
23:53:03,251 |-ERROR in ch.qos.logback.core.joran.spi.Interpreter@3:72 - no applicable action for [springProperty], current ElementPath  is [[configuration][springProperty]]
23:53:03,256 |-INFO in ch.qos.logback.core.joran.action.AppenderAction - About to instantiate appender of type [ch.qos.logback.core.rolling.RollingFileAppender]
23:53:03,260 |-INFO in ch.qos.logback.core.joran.action.AppenderAction - Naming appender as [appAppender]
23:53:03,331 |-INFO in c.q.l.core.rolling.TimeBasedRollingPolicy@853119666 - Will use zip compression
23:53:03,336 |-INFO in c.q.l.core.rolling.TimeBasedRollingPolicy@853119666 - Will use the pattern APP_HOME_IS_UNDEFINED/logs/otherlogs/info-%d{yyyyMMdd}.%i for the active file
23:53:03,342 |-INFO in ch.qos.logback.core.rolling.SizeAndTimeBasedFNATP@215be6bb - The date pattern is 'yyyyMMdd' from file name pattern 'APP_HOME_IS_UNDEFINED/logs/otherlogs/info-%d{yyyyMMdd}.%i.zip'.
23:53:03,342 |-INFO in ch.qos.logback.core.rolling.SizeAndTimeBasedFNATP@215be6bb - Roll-over at midnight.
23:53:03,346 |-INFO in ch.qos.logback.core.rolling.SizeAndTimeBasedFNATP@215be6bb - Setting initial period to Mon Jul 24 23:53:03 CST 2023
23:53:03,347 |-WARN in ch.qos.logback.core.rolling.SizeAndTimeBasedFNATP@215be6bb - SizeAndTimeBasedFNATP is deprecated. Use SizeAndTimeBasedRollingPolicy instead
23:53:03,347 |-WARN in ch.qos.logback.core.rolling.SizeAndTimeBasedFNATP@215be6bb - For more information see http://logback.qos.ch/manual/appenders.html#SizeAndTimeBasedRollingPolicy
23:53:03,348 |-INFO in ch.qos.logback.core.joran.action.NestedComplexPropertyIA - Assuming default type [ch.qos.logback.classic.encoder.PatternLayoutEncoder] for [encoder] property
23:53:03,369 |-INFO in ch.qos.logback.core.rolling.RollingFileAppender[appAppender] - Active log file name: APP_HOME_IS_UNDEFINED/logs/info.log
23:53:03,369 |-INFO in ch.qos.logback.core.rolling.RollingFileAppender[appAppender] - File property is set to [APP_HOME_IS_UNDEFINED/logs/info.log]
23:53:03,372 |-INFO in ch.qos.logback.core.joran.action.AppenderAction - About to instantiate appender of type [ch.qos.logback.core.rolling.RollingFileAppender]
23:53:03,372 |-INFO in ch.qos.logback.core.joran.action.AppenderAction - Naming appender as [warnAppender]
23:53:03,373 |-INFO in c.q.l.core.rolling.TimeBasedRollingPolicy@1144648478 - Will use zip compression
23:53:03,373 |-INFO in c.q.l.core.rolling.TimeBasedRollingPolicy@1144648478 - Will use the pattern APP_HOME_IS_UNDEFINED/logs/otherlogs/warn-%d{yyyyMMdd}.%i for the active file
23:53:03,373 |-INFO in ch.qos.logback.core.rolling.SizeAndTimeBasedFNATP@5dfcfece - The date pattern is 'yyyyMMdd' from file name pattern 'APP_HOME_IS_UNDEFINED/logs/otherlogs/warn-%d{yyyyMMdd}.%i.zip'.
23:53:03,373 |-INFO in ch.qos.logback.core.rolling.SizeAndTimeBasedFNATP@5dfcfece - Roll-over at midnight.
23:53:03,374 |-INFO in ch.qos.logback.core.rolling.SizeAndTimeBasedFNATP@5dfcfece - Setting initial period to Mon Jul 24 23:53:03 CST 2023
23:53:03,374 |-WARN in ch.qos.logback.core.rolling.SizeAndTimeBasedFNATP@5dfcfece - SizeAndTimeBasedFNATP is deprecated. Use SizeAndTimeBasedRollingPolicy instead
23:53:03,374 |-WARN in ch.qos.logback.core.rolling.SizeAndTimeBasedFNATP@5dfcfece - For more information see http://logback.qos.ch/manual/appenders.html#SizeAndTimeBasedRollingPolicy
23:53:03,374 |-INFO in ch.qos.logback.core.joran.action.NestedComplexPropertyIA - Assuming default type [ch.qos.logback.classic.encoder.PatternLayoutEncoder] for [encoder] property
23:53:03,380 |-INFO in ch.qos.logback.core.rolling.RollingFileAppender[warnAppender] - Active log file name: APP_HOME_IS_UNDEFINED/logs/warn.log
23:53:03,380 |-INFO in ch.qos.logback.core.rolling.RollingFileAppender[warnAppender] - File property is set to [APP_HOME_IS_UNDEFINED/logs/warn.log]
23:53:03,382 |-INFO in ch.qos.logback.core.joran.action.AppenderAction - About to instantiate appender of type [ch.qos.logback.core.rolling.RollingFileAppender]
23:53:03,382 |-INFO in ch.qos.logback.core.joran.action.AppenderAction - Naming appender as [errorAppender]
23:53:03,385 |-INFO in c.q.l.core.rolling.TimeBasedRollingPolicy@600746945 - Will use zip compression
23:53:03,386 |-INFO in c.q.l.core.rolling.TimeBasedRollingPolicy@600746945 - Will use the pattern APP_HOME_IS_UNDEFINED/logs/otherlogs/error-%d{yyyyMMdd}.%i for the active file
23:53:03,386 |-INFO in ch.qos.logback.core.rolling.SizeAndTimeBasedFNATP@5d5eef3d - The date pattern is 'yyyyMMdd' from file name pattern 'APP_HOME_IS_UNDEFINED/logs/otherlogs/error-%d{yyyyMMdd}.%i.zip'.
23:53:03,386 |-INFO in ch.qos.logback.core.rolling.SizeAndTimeBasedFNATP@5d5eef3d - Roll-over at midnight.
23:53:03,390 |-INFO in ch.qos.logback.core.rolling.SizeAndTimeBasedFNATP@5d5eef3d - Setting initial period to Mon Jul 24 23:53:03 CST 2023
23:53:03,390 |-WARN in ch.qos.logback.core.rolling.SizeAndTimeBasedFNATP@5d5eef3d - SizeAndTimeBasedFNATP is deprecated. Use SizeAndTimeBasedRollingPolicy instead
23:53:03,390 |-WARN in ch.qos.logback.core.rolling.SizeAndTimeBasedFNATP@5d5eef3d - For more information see http://logback.qos.ch/manual/appenders.html#SizeAndTimeBasedRollingPolicy
23:53:03,393 |-INFO in ch.qos.logback.core.joran.action.NestedComplexPropertyIA - Assuming default type [ch.qos.logback.classic.encoder.PatternLayoutEncoder] for [encoder] property
23:53:03,395 |-INFO in ch.qos.logback.core.rolling.RollingFileAppender[errorAppender] - Active log file name: APP_HOME_IS_UNDEFINED/logs/error.log
23:53:03,395 |-INFO in ch.qos.logback.core.rolling.RollingFileAppender[errorAppender] - File property is set to [APP_HOME_IS_UNDEFINED/logs/error.log]
23:53:03,395 |-INFO in ch.qos.logback.core.joran.action.AppenderAction - About to instantiate appender of type [ch.qos.logback.core.rolling.RollingFileAppender]
23:53:03,395 |-INFO in ch.qos.logback.core.joran.action.AppenderAction - Naming appender as [daoAppender]
23:53:03,400 |-INFO in c.q.l.core.rolling.TimeBasedRollingPolicy@1458849419 - Will use zip compression
23:53:03,400 |-INFO in c.q.l.core.rolling.TimeBasedRollingPolicy@1458849419 - Will use the pattern APP_HOME_IS_UNDEFINED/logs/otherlogs/dao-%d{yyyyMMdd}.%i for the active file
23:53:03,402 |-INFO in ch.qos.logback.core.rolling.SizeAndTimeBasedFNATP@6cc4c815 - The date pattern is 'yyyyMMdd' from file name pattern 'APP_HOME_IS_UNDEFINED/logs/otherlogs/dao-%d{yyyyMMdd}.%i.zip'.
23:53:03,402 |-INFO in ch.qos.logback.core.rolling.SizeAndTimeBasedFNATP@6cc4c815 - Roll-over at midnight.
23:53:03,402 |-INFO in ch.qos.logback.core.rolling.SizeAndTimeBasedFNATP@6cc4c815 - Setting initial period to Mon Jul 24 23:53:03 CST 2023
23:53:03,402 |-WARN in ch.qos.logback.core.rolling.SizeAndTimeBasedFNATP@6cc4c815 - SizeAndTimeBasedFNATP is deprecated. Use SizeAndTimeBasedRollingPolicy instead
23:53:03,402 |-WARN in ch.qos.logback.core.rolling.SizeAndTimeBasedFNATP@6cc4c815 - For more information see http://logback.qos.ch/manual/appenders.html#SizeAndTimeBasedRollingPolicy
23:53:03,403 |-INFO in ch.qos.logback.core.joran.action.NestedComplexPropertyIA - Assuming default type [ch.qos.logback.classic.encoder.PatternLayoutEncoder] for [encoder] property
23:53:03,404 |-INFO in ch.qos.logback.core.rolling.RollingFileAppender[daoAppender] - Active log file name: APP_HOME_IS_UNDEFINED/logs/dao.log
23:53:03,404 |-INFO in ch.qos.logback.core.rolling.RollingFileAppender[daoAppender] - File property is set to [APP_HOME_IS_UNDEFINED/logs/dao.log]
23:53:03,405 |-INFO in ch.qos.logback.classic.joran.action.LoggerAction - Setting level of logger [com.ksyun.trade] to INFO
23:53:03,405 |-INFO in ch.qos.logback.classic.joran.action.RootLoggerAction - Setting level of ROOT logger to INFO
23:53:03,405 |-INFO in ch.qos.logback.core.joran.action.AppenderRefAction - Attaching appender named [appAppender] to Logger[ROOT]
23:53:03,406 |-INFO in ch.qos.logback.core.joran.action.AppenderRefAction - Attaching appender named [warnAppender] to Logger[ROOT]
23:53:03,406 |-INFO in ch.qos.logback.core.joran.action.AppenderRefAction - Attaching appender named [errorAppender] to Logger[ROOT]
23:53:03,406 |-INFO in ch.qos.logback.classic.joran.action.ConfigurationAction - End of configuration.
23:53:03,408 |-INFO in ch.qos.logback.classic.joran.JoranConfigurator@3a82f6ef - Registering current configuration as safe fallback point


  .   ____          _            __ _ _
 /\\ / ___'_ __ _ _(_)_ __  __ _ \ \ \ \
( ( )\___ | '_ | '_| | '_ \/ _` | \ \ \ \
 \\/  ___)| |_)| | | | | || (_| |  ) ) ) )
  '  |____| .__|_| |_|_| |_\__, | / / / /
 =========|_|==============|___/=/_/_/_/
 :: Spring Boot ::        (v2.1.3.RELEASE)

test1234
test1234
test1234
test1234
test1234
